

================================================================
== Vitis HLS Report for 'exo1'
================================================================
* Date:           Fri Feb 28 11:59:10 2025

* Version:        2023.2 (Build 4023990 on Oct 11 2023)
* Project:        exo1_prj
* Solution:       solution6 (Vivado IP Flow Target)
* Product family: zynq
* Target device:  xc7z020-clg484-1


================================================================
== Performance Estimates
================================================================
+ Timing: 
    * Summary: 
    +--------+---------+----------+------------+
    |  Clock |  Target | Estimated| Uncertainty|
    +--------+---------+----------+------------+
    |ap_clk  |  5.00 ns|  3.871 ns|     1.35 ns|
    +--------+---------+----------+------------+

+ Latency: 
    * Summary: 
    +---------+---------+-----------+-----------+-----+-----+---------+
    |  Latency (cycles) |   Latency (absolute)  |  Interval | Pipeline|
    |   min   |   max   |    min    |    max    | min | max |   Type  |
    +---------+---------+-----------+-----------+-----+-----+---------+
    |       10|       10|  50.000 ns|  50.000 ns|   11|   11|       no|
    +---------+---------+-----------+-----------+-----+-----+---------+

    + Detail: 
        * Instance: 
        N/A

        * Loop: 
        N/A



================================================================
== Utilization Estimates
================================================================
* Summary: 
+-----------------+---------+-----+--------+-------+-----+
|       Name      | BRAM_18K| DSP |   FF   |  LUT  | URAM|
+-----------------+---------+-----+--------+-------+-----+
|DSP              |        -|    -|       -|      -|    -|
|Expression       |        -|    -|       0|    110|    -|
|FIFO             |        -|    -|       -|      -|    -|
|Instance         |        -|    9|     153|      0|    -|
|Memory           |        -|    -|       -|      -|    -|
|Multiplexer      |        -|    -|       -|     65|    -|
|Register         |        -|    -|     108|      -|    -|
+-----------------+---------+-----+--------+-------+-----+
|Total            |        0|    9|     261|    175|    0|
+-----------------+---------+-----+--------+-------+-----+
|Available        |      280|  220|  106400|  53200|    0|
+-----------------+---------+-----+--------+-------+-----+
|Utilization (%)  |        0|    4|      ~0|     ~0|    0|
+-----------------+---------+-----+--------+-------+-----+

+ Detail: 
    * Instance: 
    +-----------------------+--------------------+---------+----+----+----+-----+
    |        Instance       |       Module       | BRAM_18K| DSP| FF | LUT| URAM|
    +-----------------------+--------------------+---------+----+----+----+-----+
    |mul_32s_32s_32_5_1_U1  |mul_32s_32s_32_5_1  |        0|   3|  51|   0|    0|
    |mul_32s_32s_32_5_1_U2  |mul_32s_32s_32_5_1  |        0|   3|  51|   0|    0|
    |mul_32s_32s_32_5_1_U3  |mul_32s_32s_32_5_1  |        0|   3|  51|   0|    0|
    +-----------------------+--------------------+---------+----+----+----+-----+
    |Total                  |                    |        0|   9| 153|   0|    0|
    +-----------------------+--------------------+---------+----+----+----+-----+

    * DSP: 
    N/A

    * Memory: 
    N/A

    * FIFO: 
    N/A

    * Expression: 
    +--------------------+----------+----+---+----+------------+------------+
    |    Variable Name   | Operation| DSP| FF| LUT| Bitwidth P0| Bitwidth P1|
    +--------------------+----------+----+---+----+------------+------------+
    |temp4_fu_81_p2      |         -|   0|  0|  39|           1|          32|
    |icmp_ln18_fu_77_p2  |      icmp|   0|  0|  39|          32|          32|
    |res                 |    select|   0|  0|  32|           1|          32|
    +--------------------+----------+----+---+----+------------+------------+
    |Total               |          |   0|  0| 110|          34|          96|
    +--------------------+----------+----+---+----+------------+------------+

    * Multiplexer: 
    +-----------+----+-----------+-----+-----------+
    |    Name   | LUT| Input Size| Bits| Total Bits|
    +-----------+----+-----------+-----+-----------+
    |ap_NS_fsm  |  65|         12|    1|         12|
    +-----------+----+-----------+-----+-----------+
    |Total      |  65|         12|    1|         12|
    +-----------+----+-----------+-----+-----------+

    * Register: 
    +-------------------+----+----+-----+-----------+
    |        Name       | FF | LUT| Bits| Const Bits|
    +-------------------+----+----+-----+-----------+
    |ap_CS_fsm          |  11|   0|   11|          0|
    |icmp_ln18_reg_125  |   1|   0|    1|          0|
    |temp1_reg_113      |  32|   0|   32|          0|
    |temp2_reg_119      |  32|   0|   32|          0|
    |temp3_reg_130      |  32|   0|   32|          0|
    +-------------------+----+----+-----+-----------+
    |Total              | 108|   0|  108|          0|
    +-------------------+----+----+-----+-----------+



================================================================
== Interface
================================================================
* Summary: 
+------------+-----+-----+------------+--------------+--------------+
|  RTL Ports | Dir | Bits|  Protocol  | Source Object|    C Type    |
+------------+-----+-----+------------+--------------+--------------+
|ap_clk      |   in|    1|  ap_ctrl_hs|          exo1|  return value|
|ap_rst      |   in|    1|  ap_ctrl_hs|          exo1|  return value|
|ap_start    |   in|    1|  ap_ctrl_hs|          exo1|  return value|
|ap_done     |  out|    1|  ap_ctrl_hs|          exo1|  return value|
|ap_idle     |  out|    1|  ap_ctrl_hs|          exo1|  return value|
|ap_ready    |  out|    1|  ap_ctrl_hs|          exo1|  return value|
|res         |  out|   32|      ap_vld|           res|       pointer|
|res_ap_vld  |  out|    1|      ap_vld|           res|       pointer|
|c1          |   in|   32|     ap_none|            c1|        scalar|
|c2          |   in|   32|     ap_none|            c2|        scalar|
|in1         |   in|   32|     ap_none|           in1|        scalar|
|in2         |   in|   32|     ap_none|           in2|        scalar|
+------------+-----+-----+------------+--------------+--------------+

