================================================================
== Design Size Report
================================================================

* Total Instructions per Compilation Phase
+---------------+-----------------------------+--------------+----------------------------------------------------------------------------------------+
| Phase         | Step                        | Instructions | Description                                                                            |
+---------------+-----------------------------+--------------+----------------------------------------------------------------------------------------+
| Compile/Link  |                             | 207          | After all functions are compiled and linked into a single design                       |
|               |                             |              |                                                                                        |
| Unroll/Inline |                             |              | After user unroll and inline pragmas are applied                                       |
|               | (1) unroll                  | 206          | user unroll pragmas are applied                                                        |
|               | (2) simplification          | 175          | simplification of applied user unroll pragmas                                          |
|               | (3) inline                  | 177          | user inline pragmas are applied                                                        |
|               | (4) simplification          | 168          | simplification of applied user inline pragmas                                          |
|               |                             |              |                                                                                        |
| Array/Struct  |                             |              | After user array partition and struct aggregate/disaggregate pragmas are applied       |
|               | (1) array partition         | 168          | user array partition pragmas are applied                                               |
|               | (2) simplification          | 168          | simplification of applied user array partition & struct aggregate/disaggregate pragmas |
|               | (3) aggregate/disaggregate  | 196          | user struct aggregate/disaggregate pragmas are applied                                 |
|               | (4) array reshape           | 192          | apply array reshape pragmas                                                            |
|               | (5) access patterns         | 192          | array access pattern optmizations                                                      |
|               |                             |              |                                                                                        |
| Performance   |                             |              | After transformations are applied to meet performance pragma targets                   |
|               | (1) loop simplification     | 180          | loop and instruction simplification                                                    |
|               | (2) parallelization         | 179          | loops are unrolled or pipelined to meet performance targets                            |
|               | (3) array partition         | 179          | arrays are partitioned to meet performance targets                                     |
|               | (4) simplification          | 179          | simplification of design after performance transformations                             |
|               |                             |              |                                                                                        |
| HW Transforms |                             |              | After hardware transfomations                                                          |
|               | (1) lowering                | 188          | initial conversion to HW specific instructions                                         |
|               | (2) optimizations           | 192          | high level synthesis optimizations                                                     |
+---------------+-----------------------------+--------------+----------------------------------------------------------------------------------------+

* Instructions per Function for each Compilation Phase
+---------------+-----------------+--------------+---------------+--------------+-------------+---------------+
| Function      | Location        | Compile/Link | Unroll/Inline | Array/Struct | Performance | HW Transforms |
+---------------+-----------------+--------------+---------------+--------------+-------------+---------------+
| + traitCoul   | seuilCout.c:131 | 207          | 168           | 192          | 179         | 192           |
|    seuilCout  | seuilCout.c:3   |  34          |               |              |             |               |
|    detectCoul | seuilCout.c:26  | 170          | 144           | 150          | 143         | 144           |
+---------------+-----------------+--------------+---------------+--------------+-------------+---------------+

* Design Size Message Settings
+---------------------------------------------+--------+------------------------------------------------------------------+
| Message Setting                             | Value  | Description                                                      |
+---------------------------------------------+--------+------------------------------------------------------------------+
| config_compile -design_size_maximum_warning | 100000 | Show a warning when total design instructions exceeds this value |
+---------------------------------------------+--------+------------------------------------------------------------------+


