

================================================================
== Synthesis Summary Report of 'detectCoul'
================================================================
+ General Information: 
    * Date:           Mon Mar 17 17:24:17 2025
    * Version:        2023.2 (Build 4023990 on Oct 11 2023)
    * Project:        tp3
    * Solution:       solution1 (Vivado IP Flow Target)
    * Product family: zynq
    * Target device:  xc7z020-clg484-1
    

+ Performance & Resource Estimates: 
    
    PS: '+' for module; 'o' for loop; '*' for dataflow
    +--------------+------+------+---------+--------+----------+---------+------+----------+------+----+-----------+-----------+-----+
    |    Modules   | Issue|      | Latency | Latency| Iteration|         | Trip |          |      |    |           |           |     |
    |    & Loops   | Type | Slack| (cycles)|  (ns)  |  Latency | Interval| Count| Pipelined| BRAM | DSP|     FF    |    LUT    | URAM|
    +--------------+------+------+---------+--------+----------+---------+------+----------+------+----+-----------+-----------+-----+
    |+ detectCoul  |     -|  0.23|        1|  15.000|         -|        2|     -|        no|     -|   -|  198 (~0%)|  1478 (2%)|    -|
    +--------------+------+------+---------+--------+----------+---------+------+----------+------+----+-----------+-----------+-----+


================================================================
== HW Interfaces
================================================================
* Other Ports
+-----------+---------+-----------+----------+
| Port      | Mode    | Direction | Bitwidth |
+-----------+---------+-----------+----------+
| pixIn     | ap_none | in        | 96       |
| resultats | ap_vld  | out       | 8        |
| valid     | ap_vld  | out       | 8        |
+-----------+---------+-----------+----------+

* TOP LEVEL CONTROL
+-----------+------------+-----------------------------------+
| Interface | Type       | Ports                             |
+-----------+------------+-----------------------------------+
| ap_clk    | clock      | ap_clk                            |
| ap_rst    | reset      | ap_rst                            |
| ap_ctrl   | ap_ctrl_hs | ap_done ap_idle ap_ready ap_start |
+-----------+------------+-----------------------------------+


================================================================
== SW I/O Information
================================================================
* Top Function Arguments
+-----------+-----------+----------------+
| Argument  | Direction | Datatype       |
+-----------+-----------+----------------+
| resultats | out       | unsigned char* |
| valid     | out       | unsigned char* |
| pixIn     | in        |                |
+-----------+-----------+----------------+

* SW-to-HW Mapping
+-----------+------------------+---------+
| Argument  | HW Interface     | HW Type |
+-----------+------------------+---------+
| resultats | resultats        | port    |
| resultats | resultats_ap_vld | port    |
| valid     | valid            | port    |
| valid     | valid_ap_vld     | port    |
| pixIn     | pixIn            | port    |
+-----------+------------------+---------+


================================================================
== Bind Op Report
================================================================
+----------------------+-----+--------+----------+-----+--------+---------+
| Name                 | DSP | Pragma | Variable | Op  | Impl   | Latency |
+----------------------+-----+--------+----------+-----+--------+---------+
| + detectCoul         | 0   |        |          |     |        |         |
|   add_ln46_fu_126_p2 |     |        | add_ln46 | add | fabric | 0       |
|   add_ln50_fu_150_p2 |     |        | add_ln50 | add | fabric | 0       |
|   add_ln70_fu_523_p2 |     |        | add_ln70 | add | fabric | 0       |
|   add_ln88_fu_540_p2 |     |        | add_ln88 | add | fabric | 0       |
+----------------------+-----+--------+----------+-----+--------+---------+


================================================================
== Storage Report
================================================================
  No bind storage info in design

================================================================
== Pragma Report
================================================================
  No pragmas found

