

================================================================
== Vitis HLS Report for 'exo1'
================================================================
* Date:           Fri Feb 28 11:57:30 2025

* Version:        2023.2 (Build 4023990 on Oct 11 2023)
* Project:        exo1_prj
* Solution:       solution4 (Vivado IP Flow Target)
* Product family: zynq
* Target device:  xc7z020-clg484-1


================================================================
== Performance Estimates
================================================================
+ Timing: 
    * Summary: 
    +--------+----------+----------+------------+
    |  Clock |  Target  | Estimated| Uncertainty|
    +--------+----------+----------+------------+
    |ap_clk  |  10.00 ns|  6.912 ns|     2.70 ns|
    +--------+----------+----------+------------+

+ Latency: 
    * Summary: 
    +---------+---------+-----------+-----------+-----+-----+---------+
    |  Latency (cycles) |   Latency (absolute)  |  Interval | Pipeline|
    |   min   |   max   |    min    |    max    | min | max |   Type  |
    +---------+---------+-----------+-----------+-----+-----+---------+
    |        4|        4|  40.000 ns|  40.000 ns|    5|    5|       no|
    +---------+---------+-----------+-----------+-----+-----+---------+

    + Detail: 
        * Instance: 
        N/A

        * Loop: 
        N/A

============================================================
+ Verbose Summary: Synthesis Manager
============================================================
InlineROM: 1
ExposeGlobal: 0
============================================================
+ Verbose Summary: CDFG Model
============================================================
IsTopModel: 1
ResetActiveHigh: 1
IsCombinational: 0
IsDatapathOnly: 0
HasWiredReturn: 1
HasMFsm: 0
HasVarLatency: 1
IsPipeline: 0
IsRtlPipelined: 0
IsInstanceOverlapped: 0
IsDontTouch: 0
HasImplIP: 0
IsGatedGlobalClock: 0


============================================================
+ Verbose Summary: Schedule
============================================================
* Number of FSM states : 5
* Pipeline : 0
* Dataflow Pipeline: 0

* FSM state transitions: 
1 --> 2 
2 --> 3 
3 --> 4 
4 --> 5 
5 --> 

* FSM state operations: 

State 1 <SV = 0> <Delay = 6.91>
ST_1 : Operation 6 [1/1] (0.00ns)   --->   "%in2_read = read i32 @_ssdm_op_Read.ap_auto.i32, i32 %in2" [exo1.c:4]   --->   Operation 6 'read' 'in2_read' <Predicate = true> <Delay = 0.00>
ST_1 : Operation 7 [1/1] (0.00ns)   --->   "%in1_read = read i32 @_ssdm_op_Read.ap_auto.i32, i32 %in1" [exo1.c:4]   --->   Operation 7 'read' 'in1_read' <Predicate = true> <Delay = 0.00>
ST_1 : Operation 8 [1/1] (0.00ns)   --->   "%c2_read = read i32 @_ssdm_op_Read.ap_auto.i32, i32 %c2" [exo1.c:4]   --->   Operation 8 'read' 'c2_read' <Predicate = true> <Delay = 0.00>
ST_1 : Operation 9 [1/1] (0.00ns)   --->   "%c1_read = read i32 @_ssdm_op_Read.ap_auto.i32, i32 %c1" [exo1.c:4]   --->   Operation 9 'read' 'c1_read' <Predicate = true> <Delay = 0.00>
ST_1 : Operation 10 [2/2] (6.91ns)   --->   "%temp1 = mul i32 %in1_read, i32 %c1_read" [exo1.c:13]   --->   Operation 10 'mul' 'temp1' <Predicate = true> <Delay = 6.91> <CoreInst = "Multiplier">   --->   Core 3 'Multiplier' <Latency = 1> <II = 1> <Delay = 6.91> <FuncUnit> <Opcode : 'mul'> <InPorts = 2> <OutPorts = 1>
ST_1 : Operation 11 [2/2] (6.91ns)   --->   "%temp2 = mul i32 %in2_read, i32 %c2_read" [exo1.c:14]   --->   Operation 11 'mul' 'temp2' <Predicate = true> <Delay = 6.91> <CoreInst = "Multiplier">   --->   Core 3 'Multiplier' <Latency = 1> <II = 1> <Delay = 6.91> <FuncUnit> <Opcode : 'mul'> <InPorts = 2> <OutPorts = 1>

State 2 <SV = 1> <Delay = 6.91>
ST_2 : Operation 12 [1/2] (6.91ns)   --->   "%temp1 = mul i32 %in1_read, i32 %c1_read" [exo1.c:13]   --->   Operation 12 'mul' 'temp1' <Predicate = true> <Delay = 6.91> <CoreInst = "Multiplier">   --->   Core 3 'Multiplier' <Latency = 1> <II = 1> <Delay = 6.91> <FuncUnit> <Opcode : 'mul'> <InPorts = 2> <OutPorts = 1>
ST_2 : Operation 13 [1/2] (6.91ns)   --->   "%temp2 = mul i32 %in2_read, i32 %c2_read" [exo1.c:14]   --->   Operation 13 'mul' 'temp2' <Predicate = true> <Delay = 6.91> <CoreInst = "Multiplier">   --->   Core 3 'Multiplier' <Latency = 1> <II = 1> <Delay = 6.91> <FuncUnit> <Opcode : 'mul'> <InPorts = 2> <OutPorts = 1>

State 3 <SV = 2> <Delay = 6.91>
ST_3 : Operation 14 [2/2] (6.91ns)   --->   "%temp3 = mul i32 %temp2, i32 %temp1" [exo1.c:16]   --->   Operation 14 'mul' 'temp3' <Predicate = true> <Delay = 6.91> <CoreInst = "Multiplier">   --->   Core 3 'Multiplier' <Latency = 1> <II = 1> <Delay = 6.91> <FuncUnit> <Opcode : 'mul'> <InPorts = 2> <OutPorts = 1>
ST_3 : Operation 15 [1/1] (2.55ns)   --->   "%icmp_ln18 = icmp_sgt  i32 %temp1, i32 %temp2" [exo1.c:18]   --->   Operation 15 'icmp' 'icmp_ln18' <Predicate = true> <Delay = 2.55> <CoreInst = "Cmp">   --->   Core 9 'Cmp' <Latency = 0> <II = 1> <Delay = 2.55> <FuncUnit> <Opcode : 'icmp'> <InPorts = 2> <OutPorts = 1>

State 4 <SV = 3> <Delay = 6.91>
ST_4 : Operation 16 [1/2] (6.91ns)   --->   "%temp3 = mul i32 %temp2, i32 %temp1" [exo1.c:16]   --->   Operation 16 'mul' 'temp3' <Predicate = true> <Delay = 6.91> <CoreInst = "Multiplier">   --->   Core 3 'Multiplier' <Latency = 1> <II = 1> <Delay = 6.91> <FuncUnit> <Opcode : 'mul'> <InPorts = 2> <OutPorts = 1>

State 5 <SV = 4> <Delay = 3.25>
ST_5 : Operation 17 [1/1] (0.00ns)   --->   "%spectopmodule_ln3 = spectopmodule void @_ssdm_op_SpecTopModule, void @empty_1" [exo1.c:3]   --->   Operation 17 'spectopmodule' 'spectopmodule_ln3' <Predicate = true> <Delay = 0.00>
ST_5 : Operation 18 [1/1] (0.00ns)   --->   "%specbitsmap_ln0 = specbitsmap void @_ssdm_op_SpecBitsMap, i32 %res"   --->   Operation 18 'specbitsmap' 'specbitsmap_ln0' <Predicate = true> <Delay = 0.00>
ST_5 : Operation 19 [1/1] (0.00ns)   --->   "%specinterface_ln0 = specinterface void @_ssdm_op_SpecInterface, i32 %res, void @empty, i32 0, i32 0, void @empty_0, i32 0, i32 0, void @empty_0, void @empty_0, void @empty_0, i32 0, i32 0, i32 0, i32 0, void @empty_0, void @empty_0, i32 4294967295, i32 0"   --->   Operation 19 'specinterface' 'specinterface_ln0' <Predicate = true> <Delay = 0.00>
ST_5 : Operation 20 [1/1] (0.00ns)   --->   "%specbitsmap_ln0 = specbitsmap void @_ssdm_op_SpecBitsMap, i32 %c1"   --->   Operation 20 'specbitsmap' 'specbitsmap_ln0' <Predicate = true> <Delay = 0.00>
ST_5 : Operation 21 [1/1] (0.00ns)   --->   "%specinterface_ln0 = specinterface void @_ssdm_op_SpecInterface, i32 %c1, void @empty, i32 0, i32 0, void @empty_0, i32 0, i32 0, void @empty_0, void @empty_0, void @empty_0, i32 0, i32 0, i32 0, i32 0, void @empty_0, void @empty_0, i32 4294967295, i32 0"   --->   Operation 21 'specinterface' 'specinterface_ln0' <Predicate = true> <Delay = 0.00>
ST_5 : Operation 22 [1/1] (0.00ns)   --->   "%specbitsmap_ln0 = specbitsmap void @_ssdm_op_SpecBitsMap, i32 %c2"   --->   Operation 22 'specbitsmap' 'specbitsmap_ln0' <Predicate = true> <Delay = 0.00>
ST_5 : Operation 23 [1/1] (0.00ns)   --->   "%specinterface_ln0 = specinterface void @_ssdm_op_SpecInterface, i32 %c2, void @empty, i32 0, i32 0, void @empty_0, i32 0, i32 0, void @empty_0, void @empty_0, void @empty_0, i32 0, i32 0, i32 0, i32 0, void @empty_0, void @empty_0, i32 4294967295, i32 0"   --->   Operation 23 'specinterface' 'specinterface_ln0' <Predicate = true> <Delay = 0.00>
ST_5 : Operation 24 [1/1] (0.00ns)   --->   "%specbitsmap_ln0 = specbitsmap void @_ssdm_op_SpecBitsMap, i32 %in1"   --->   Operation 24 'specbitsmap' 'specbitsmap_ln0' <Predicate = true> <Delay = 0.00>
ST_5 : Operation 25 [1/1] (0.00ns)   --->   "%specinterface_ln0 = specinterface void @_ssdm_op_SpecInterface, i32 %in1, void @empty, i32 0, i32 0, void @empty_0, i32 0, i32 0, void @empty_0, void @empty_0, void @empty_0, i32 0, i32 0, i32 0, i32 0, void @empty_0, void @empty_0, i32 4294967295, i32 0"   --->   Operation 25 'specinterface' 'specinterface_ln0' <Predicate = true> <Delay = 0.00>
ST_5 : Operation 26 [1/1] (0.00ns)   --->   "%specbitsmap_ln0 = specbitsmap void @_ssdm_op_SpecBitsMap, i32 %in2"   --->   Operation 26 'specbitsmap' 'specbitsmap_ln0' <Predicate = true> <Delay = 0.00>
ST_5 : Operation 27 [1/1] (0.00ns)   --->   "%specinterface_ln0 = specinterface void @_ssdm_op_SpecInterface, i32 %in2, void @empty, i32 0, i32 0, void @empty_0, i32 0, i32 0, void @empty_0, void @empty_0, void @empty_0, i32 0, i32 0, i32 0, i32 0, void @empty_0, void @empty_0, i32 4294967295, i32 0"   --->   Operation 27 'specinterface' 'specinterface_ln0' <Predicate = true> <Delay = 0.00>
ST_5 : Operation 28 [1/1] (2.55ns)   --->   "%temp4 = sub i32 0, i32 %temp3" [exo1.c:21]   --->   Operation 28 'sub' 'temp4' <Predicate = (!icmp_ln18)> <Delay = 2.55> <CoreInst = "Adder">   --->   Core 1 'Adder' <Latency = 0> <II = 1> <Delay = 2.55> <FuncUnit> <Opcode : 'add' 'sub'> <InPorts = 2> <OutPorts = 1>
ST_5 : Operation 29 [1/1] (0.69ns)   --->   "%temp4_1 = select i1 %icmp_ln18, i32 %temp3, i32 %temp4" [exo1.c:18]   --->   Operation 29 'select' 'temp4_1' <Predicate = true> <Delay = 0.69> <CoreInst = "Sel">   --->   Core 73 'Sel' <Latency = 0> <II = 1> <Delay = 0.69> <FuncUnit> <Opcode : 'select'> <InPorts = 3> <OutPorts = 1>
ST_5 : Operation 30 [1/1] (0.00ns)   --->   "%write_ln23 = write void @_ssdm_op_Write.ap_auto.i32P0A, i32 %res, i32 %temp4_1" [exo1.c:23]   --->   Operation 30 'write' 'write_ln23' <Predicate = true> <Delay = 0.00>
ST_5 : Operation 31 [1/1] (0.00ns)   --->   "%ret_ln24 = ret" [exo1.c:24]   --->   Operation 31 'ret' 'ret_ln24' <Predicate = true> <Delay = 0.00>


============================================================
+ Verbose Summary: Timing violations
============================================================
Target clock period: 10.000ns, clock uncertainty: 2.700ns.

 <State 1>: 6.912ns
The critical path consists of the following:
	wire read operation ('in1', exo1.c:4) on port 'in1' (exo1.c:4) [18]  (0.000 ns)
	'mul' operation 32 bit ('temp1', exo1.c:13) [21]  (6.912 ns)

 <State 2>: 6.912ns
The critical path consists of the following:
	'mul' operation 32 bit ('temp1', exo1.c:13) [21]  (6.912 ns)

 <State 3>: 6.912ns
The critical path consists of the following:
	'mul' operation 32 bit ('temp3', exo1.c:16) [23]  (6.912 ns)

 <State 4>: 6.912ns
The critical path consists of the following:
	'mul' operation 32 bit ('temp3', exo1.c:16) [23]  (6.912 ns)

 <State 5>: 3.250ns
The critical path consists of the following:
	'sub' operation 32 bit ('temp4', exo1.c:21) [25]  (2.552 ns)
	'select' operation 32 bit ('temp4', exo1.c:18) [26]  (0.698 ns)


============================================================
+ Verbose Summary: Binding
============================================================
N/A
* FSMD analyzer results:
  - Output states:
 - Input state : 
  - Chain level:
	State 1
	State 2
	State 3
	State 4
	State 5


============================================================
+ Verbose Summary: Datapath Resource usage 
============================================================
N/A
